admin-base
adobe-source-code-pro
adobe-source-serif-pro
alsa-utils
alsa-utils
aosc-community-wallpapers-2020
aosc-os-presets-base
aosc-os-presets-desktop
aosc-os-presets-xfce
boot-base
codec-base
core-base
croscore-fonts
crosextra-fonts
dejavu-fonts
editor-base
firefox
freefont
hanazono-fonts
ibus-base
imchooser
kernel-base
kmscon-base
liberation-fonts
lightdm-gtk-greeter-settings
mpv
network-base
noto-cjk-fonts
noto-fonts
print-base
productivity-base
proofread-base
python-base
roboto-fonts
systemd-base
thunderbird
ttf-ancient-fonts
ttf-tibetan-machine-unicode
unifont
util-base
web-base
xdg-user-dirs
xdg-user-dirs-gtk
xfce-base
xfce-distro-base
xfce4-default-settings
