admin-base
adobe-source-code-pro
adobe-source-serif-pro
aosc-community-wallpapers-2020
aosc-os-presets-base
aosc-os-presets-desktop
aosc-os-presets-lxde
audio-base
arc-icon-theme
boot-base
codec-base
core-base
croscore-fonts
crosextra-fonts
dejavu-fonts
editor-base
fcitx5-base
firefox
freefont
gnome-screenshot
hanazono-fonts
imchooser
kmscon-base
liberation-fonts
lightdm-gtk-greeter-settings
lxde-base
lxde-default-settings
lxde-distro-base
network-base
network-manager-applet
noto-cjk-fonts
noto-fonts
print-base
productivity-base
proofread-base
python-base
roboto-fonts
systemd-base
thunderbird
ttf-ancient-fonts
ttf-tibetan-machine-unicode
unifont
util-base
volumeicon
web-base
xdg-user-dirs
xdg-user-dirs-gtk
